<?xml version="1.0" encoding="UTF-8"?>
<testsuite name="org.zerock.b02.repository.InboundRepositoryTests" tests="1" skipped="0" failures="0" errors="0" timestamp="2025-02-05T06:27:49" hostname="DESKTOP-1NMHTFT" time="0.216">
  <properties/>
  <testcase name="testupdate()" classname="org.zerock.b02.repository.InboundRepositoryTests" time="0.216"/>
  <system-out><![CDATA[15:27:44.290 [Test worker] DEBUG org.springframework.test.context.BootstrapUtils - Instantiating CacheAwareContextLoaderDelegate from class [org.springframework.test.context.cache.DefaultCacheAwareContextLoaderDelegate]
15:27:44.306 [Test worker] DEBUG org.springframework.test.context.BootstrapUtils - Instantiating BootstrapContext using constructor [public org.springframework.test.context.support.DefaultBootstrapContext(java.lang.Class,org.springframework.test.context.CacheAwareContextLoaderDelegate)]
15:27:44.335 [Test worker] DEBUG org.springframework.test.context.BootstrapUtils - Instantiating TestContextBootstrapper for test class [org.zerock.b02.repository.InboundRepositoryTests] from class [org.springframework.boot.test.context.SpringBootTestContextBootstrapper]
15:27:44.345 [Test worker] INFO org.springframework.boot.test.context.SpringBootTestContextBootstrapper - Neither @ContextConfiguration nor @ContextHierarchy found for test class [org.zerock.b02.repository.InboundRepositoryTests], using SpringBootContextLoader
15:27:44.349 [Test worker] DEBUG org.springframework.test.context.support.AbstractContextLoader - Did not detect default resource location for test class [org.zerock.b02.repository.InboundRepositoryTests]: class path resource [org/zerock/b02/repository/InboundRepositoryTests-context.xml] does not exist
15:27:44.349 [Test worker] DEBUG org.springframework.test.context.support.AbstractContextLoader - Did not detect default resource location for test class [org.zerock.b02.repository.InboundRepositoryTests]: class path resource [org/zerock/b02/repository/InboundRepositoryTestsContext.groovy] does not exist
15:27:44.350 [Test worker] INFO org.springframework.test.context.support.AbstractContextLoader - Could not detect default resource locations for test class [org.zerock.b02.repository.InboundRepositoryTests]: no resource found for suffixes {-context.xml, Context.groovy}.
15:27:44.350 [Test worker] INFO org.springframework.test.context.support.AnnotationConfigContextLoaderUtils - Could not detect default configuration classes for test class [org.zerock.b02.repository.InboundRepositoryTests]: InboundRepositoryTests does not declare any static, non-private, non-final, nested classes annotated with @Configuration.
15:27:44.387 [Test worker] DEBUG org.springframework.test.context.support.ActiveProfilesUtils - Could not find an 'annotation declaring class' for annotation type [org.springframework.test.context.ActiveProfiles] and class [org.zerock.b02.repository.InboundRepositoryTests]
15:27:44.439 [Test worker] DEBUG org.springframework.context.annotation.ClassPathScanningCandidateComponentProvider - Ignored because not a concrete top-level class: file [D:\eclipse-workspace\b02\build\classes\java\main\org\zerock\b02\repository\InboundRepository.class]
15:27:44.442 [Test worker] DEBUG org.springframework.context.annotation.ClassPathScanningCandidateComponentProvider - Identified candidate component class: file [D:\eclipse-workspace\b02\build\classes\java\main\org\zerock\b02\B02Application.class]
15:27:44.443 [Test worker] INFO org.springframework.boot.test.context.SpringBootTestContextBootstrapper - Found @SpringBootConfiguration org.zerock.b02.B02Application for test class org.zerock.b02.repository.InboundRepositoryTests
15:27:44.533 [Test worker] DEBUG org.springframework.boot.test.context.SpringBootTestContextBootstrapper - @TestExecutionListeners is not present for class [org.zerock.b02.repository.InboundRepositoryTests]: using defaults.
15:27:44.534 [Test worker] INFO org.springframework.boot.test.context.SpringBootTestContextBootstrapper - Loaded default TestExecutionListener class names from location [META-INF/spring.factories]: [org.springframework.boot.test.autoconfigure.restdocs.RestDocsTestExecutionListener, org.springframework.boot.test.autoconfigure.web.client.MockRestServiceServerResetTestExecutionListener, org.springframework.boot.test.autoconfigure.web.servlet.MockMvcPrintOnlyOnFailureTestExecutionListener, org.springframework.boot.test.autoconfigure.web.servlet.WebDriverTestExecutionListener, org.springframework.boot.test.autoconfigure.webservices.client.MockWebServiceServerTestExecutionListener, org.springframework.boot.test.mock.mockito.MockitoTestExecutionListener, org.springframework.boot.test.mock.mockito.ResetMocksTestExecutionListener, org.springframework.test.context.web.ServletTestExecutionListener, org.springframework.test.context.support.DirtiesContextBeforeModesTestExecutionListener, org.springframework.test.context.event.ApplicationEventsTestExecutionListener, org.springframework.test.context.support.DependencyInjectionTestExecutionListener, org.springframework.test.context.support.DirtiesContextTestExecutionListener, org.springframework.test.context.transaction.TransactionalTestExecutionListener, org.springframework.test.context.jdbc.SqlScriptsTestExecutionListener, org.springframework.test.context.event.EventPublishingTestExecutionListener]
15:27:44.549 [Test worker] INFO org.springframework.boot.test.context.SpringBootTestContextBootstrapper - Using TestExecutionListeners: [org.springframework.test.context.web.ServletTestExecutionListener@2899a8db, org.springframework.test.context.support.DirtiesContextBeforeModesTestExecutionListener@1e8823d2, org.springframework.test.context.event.ApplicationEventsTestExecutionListener@c1a4620, org.springframework.boot.test.mock.mockito.MockitoTestExecutionListener@76b0ae1b, org.springframework.boot.test.autoconfigure.SpringBootDependencyInjectionTestExecutionListener@130a0f66, org.springframework.test.context.support.DirtiesContextTestExecutionListener@4c432866, org.springframework.test.context.transaction.TransactionalTestExecutionListener@12365c88, org.springframework.test.context.jdbc.SqlScriptsTestExecutionListener@6105f8a3, org.springframework.test.context.event.EventPublishingTestExecutionListener@2237bada, org.springframework.boot.test.autoconfigure.restdocs.RestDocsTestExecutionListener@77e2a6e2, org.springframework.boot.test.autoconfigure.web.client.MockRestServiceServerResetTestExecutionListener@5710768a, org.springframework.boot.test.autoconfigure.web.servlet.MockMvcPrintOnlyOnFailureTestExecutionListener@199e4c2b, org.springframework.boot.test.autoconfigure.web.servlet.WebDriverTestExecutionListener@6e0d4a8, org.springframework.boot.test.autoconfigure.webservices.client.MockWebServiceServerTestExecutionListener@64d7b720, org.springframework.boot.test.mock.mockito.ResetMocksTestExecutionListener@30272916]
15:27:44.552 [Test worker] DEBUG org.springframework.test.context.support.AbstractDirtiesContextTestExecutionListener - Before test class: context [DefaultTestContext@777c9dc9 testClass = InboundRepositoryTests, testInstance = [null], testMethod = [null], testException = [null], mergedContextConfiguration = [WebMergedContextConfiguration@71b1a49c testClass = InboundRepositoryTests, locations = '{}', classes = '{class org.zerock.b02.B02Application}', contextInitializerClasses = '[]', activeProfiles = '{}', propertySourceLocations = '{}', propertySourceProperties = '{org.springframework.boot.test.context.SpringBootTestContextBootstrapper=true}', contextCustomizers = set[org.springframework.boot.test.autoconfigure.actuate.metrics.MetricsExportContextCustomizerFactory$DisableMetricExportContextCustomizer@22d6f11, org.springframework.boot.test.autoconfigure.properties.PropertyMappingContextCustomizer@0, org.springframework.boot.test.autoconfigure.web.servlet.WebDriverContextCustomizerFactory$Customizer@b968a76, org.springframework.boot.test.context.filter.ExcludeFilterContextCustomizer@1433046b, org.springframework.boot.test.json.DuplicateJsonObjectContextCustomizerFactory$DuplicateJsonObjectContextCustomizer@4763c727, org.springframework.boot.test.mock.mockito.MockitoContextCustomizer@0, org.springframework.boot.test.web.client.TestRestTemplateContextCustomizer@773f7880, org.springframework.boot.test.context.SpringBootTestArgs@1, org.springframework.boot.test.context.SpringBootTestWebEnvironment@398dada8], resourceBasePath = 'src/main/webapp', contextLoader = 'org.springframework.boot.test.context.SpringBootContextLoader', parent = [null]], attributes = map['org.springframework.test.context.web.ServletTestExecutionListener.activateListener' -> true]], class annotated with @DirtiesContext [false] with mode [null].

  .   ____          _            __ _ _
 /\\ / ___'_ __ _ _(_)_ __  __ _ \ \ \ \
( ( )\___ | '_ | '_| | '_ \/ _` | \ \ \ \
 \\/  ___)| |_)| | | | | || (_| |  ) ) ) )
  '  |____| .__|_| |_|_| |_\__, | / / / /
 =========|_|==============|___/=/_/_/_/
 :: Spring Boot ::                (v2.7.3)

2025-02-05 15:27:44.911  INFO 10468 --- [    Test worker] o.z.b.repository.InboundRepositoryTests  : Starting InboundRepositoryTests using Java 11.0.2 on DESKTOP-1NMHTFT with PID 10468 (started by 13 in D:\eclipse-workspace\b02)
2025-02-05 15:27:44.912 DEBUG 10468 --- [    Test worker] o.z.b.repository.InboundRepositoryTests  : Running with Spring Boot v2.7.3, Spring v5.3.22
2025-02-05 15:27:44.912  INFO 10468 --- [    Test worker] o.z.b.repository.InboundRepositoryTests  : No active profile set, falling back to 1 default profile: "default"
2025-02-05 15:27:45.860  INFO 10468 --- [    Test worker] .s.d.r.c.RepositoryConfigurationDelegate : Bootstrapping Spring Data JPA repositories in DEFAULT mode.
2025-02-05 15:27:45.911  INFO 10468 --- [    Test worker] .s.d.r.c.RepositoryConfigurationDelegate : Finished Spring Data repository scanning in 44 ms. Found 1 JPA repository interfaces.
2025-02-05 15:27:46.531  INFO 10468 --- [    Test worker] o.hibernate.jpa.internal.util.LogHelper  : HHH000204: Processing PersistenceUnitInfo [name: default]
2025-02-05 15:27:46.583  INFO 10468 --- [    Test worker] org.hibernate.Version                    : HHH000412: Hibernate ORM core version 5.6.10.Final
2025-02-05 15:27:46.760  INFO 10468 --- [    Test worker] o.hibernate.annotations.common.Version   : HCANN000001: Hibernate Commons Annotations {5.1.2.Final}
2025-02-05 15:27:46.877  INFO 10468 --- [    Test worker] com.zaxxer.hikari.HikariDataSource       : HikariPool-1 - Starting...
2025-02-05 15:27:46.954  INFO 10468 --- [    Test worker] com.zaxxer.hikari.HikariDataSource       : HikariPool-1 - Start completed.
2025-02-05 15:27:46.989  INFO 10468 --- [    Test worker] org.hibernate.dialect.Dialect            : HHH000400: Using dialect: org.hibernate.dialect.MariaDB103Dialect
2025-02-05 15:27:47.666  INFO 10468 --- [    Test worker] o.h.e.t.j.p.i.JtaPlatformInitiator       : HHH000490: Using JtaPlatform implementation: [org.hibernate.engine.transaction.jta.platform.internal.NoJtaPlatform]
2025-02-05 15:27:47.674  INFO 10468 --- [    Test worker] j.LocalContainerEntityManagerFactoryBean : Initialized JPA EntityManagerFactory for persistence unit 'default'
2025-02-05 15:27:48.565  WARN 10468 --- [    Test worker] JpaBaseConfiguration$JpaWebConfiguration : spring.jpa.open-in-view is enabled by default. Therefore, database queries may be performed during view rendering. Explicitly configure spring.jpa.open-in-view to disable this warning
2025-02-05 15:27:48.895  INFO 10468 --- [    Test worker] o.s.b.a.w.s.WelcomePageHandlerMapping    : Adding welcome page: class path resource [static/index.html]
2025-02-05 15:27:49.351  INFO 10468 --- [    Test worker] o.z.b.repository.InboundRepositoryTests  : Started InboundRepositoryTests in 4.73 seconds (JVM running for 5.932)
Hibernate: 
    select
        inbound0_.inbound_id as inbound_1_0_0_,
        inbound0_.description as descript2_0_0_,
        inbound0_.inbound_date as inbound_3_0_0_,
        inbound0_.status as status4_0_0_,
        inbound0_.product_id as product_5_0_0_,
        inbound0_.quantity as quantity6_0_0_,
        inbound0_.supplier_id as supplier7_0_0_ 
    from
        inbound inbound0_ 
    where
        inbound0_.inbound_id=?
Hibernate: 
    select
        inbound0_.inbound_id as inbound_1_0_0_,
        inbound0_.description as descript2_0_0_,
        inbound0_.inbound_date as inbound_3_0_0_,
        inbound0_.status as status4_0_0_,
        inbound0_.product_id as product_5_0_0_,
        inbound0_.quantity as quantity6_0_0_,
        inbound0_.supplier_id as supplier7_0_0_ 
    from
        inbound inbound0_ 
    where
        inbound0_.inbound_id=?
Hibernate: 
    update
        inbound 
    set
        description=?,
        inbound_date=?,
        status=?,
        product_id=?,
        quantity=?,
        supplier_id=? 
    where
        inbound_id=?
]]></system-out>
  <system-err><![CDATA[]]></system-err>
</testsuite>
